<?xml version="1.0" encoding="UTF-8"?>
<!-- Generated by org.testng.reporters.JUnitReportReporter -->
<testsuite hostname="DESKTOP-CHKB4E6" failures="0" tests="1" name="com.mesho.testcases.ApplicationHeaderTC" time="7.724" errors="0" timestamp="2022-04-22T14:56:50 IST" skipped="0">
  <testcase classname="com.mesho.testcases.ApplicationHeaderTC" name="test1" time="7.724"/>
  <system-out/>
</testsuite> <!-- com.mesho.testcases.ApplicationHeaderTC -->
